Arguments: 
  C:\Program Files\nodejs\node.exe C:\Program Files (x86)\Yarn\bin\yarn.js add mongoose

PATH: 
  "C:\Program Files\Java\jdk-16.0.2"\bin;C:\Program Files\Common Files\Oracle\Java\javapath;C:\Program Files (x86)\NVIDIA Corporation\PhysX\Common;C:\ProgramData\Oracle\Java\javapath;C:\WINDOWS\system32;C:\WINDOWS;C:\WINDOWS\System32\Wbem;C:\WINDOWS\System32\WindowsPowerShell\v1.0\;C:\Program Files\Microsoft SQL Server\110\Tools\Binn\;C:\WINDOWS\System32\OpenSSH\;C:\Program Files\dotnet\;C:\Program Files\nodejs\;C:\Program Files (x86)\Yarn\bin\;C:\Program Files (x86)\Heroku\bin;C:\Program Files (x86)\git\cmd;C:\Program Files\Git\cmd;C:\Users\SANGKPBOWN\AppData\Local\Microsoft\WindowsApps;;C:\Users\SANGKPBOWN\AppData\Roaming\npm;C:\Users\SANGKPBOWN\AppData\Local\Yarn\bin;C:\Program Files\heroku\bin;C:\Users\SANGKPBOWN\AppData\Local\Programs\Microsoft VS Code\bin

Yarn version: 
  1.22.5

Node version: 
  14.15.1

Platform: 
  win32 x64

Trace: 
  Error: getaddrinfo ENOTFOUND registry.yarnpkg.com
      at GetAddrInfoReqWrap.onlookup [as oncomplete] (dns.js:67:26)

npm manifest: 
  {
     "name": "expense-tracker-server",
     "version": "1.0.0",
     "description": "The server for an application for tracking your daily expenses",
     "main": "app.js",
     "scripts": {
        "test": "echo \"Error: no test specified\" && exit 1",
        "start": "nodemon app.js"
     },
     "keywords": [
        "expense",
        "tracker",
        "expense",
        "tracker"
     ],
     "author": "Sangkpbown Fifafamiyan Possible",
     "license": "ISC",
     "dependencies": {
        "bcryptjs": "^2.4.3",
        "dotenv": "^10.0.0",
        "express": "^4.17.1",
        "jsonwebtoken": "^8.5.1",
        "nodemon": "^2.0.14"
     }
  }

yarn manifest: 
  No manifest

Lockfile: 
  No lockfile
